---------------------------------------------------------------------------
Benchmark: simple-EFC-example_EFC/simple-EFC-example.petrinet.EFC.workcraft.g
---------------------------------------------------------------------------
[MSFSMs Syntehsis Tool v1.00]%> read_graph /home/dvaliantzas/WORK/MSFSMs/Benchmarks/GitHub_Repo/simple-EFC-example_EFC/simple-EFC-example.petrinet.EFC.workcraft.g
[1;2;34mINFO: Total Nodes       [0m: 15
[1;2;34mINFO: Total Transitions [0m: 7
[1;2;34mINFO: Total Places      [0m: 8
[1;2;34mINFO: Total Edges       [0m: 20
[1;2;34mINFO-TCL: Successfully loaded Petri-Net.
[0m[MSFSMs Syntehsis Tool v1.00]%> list_petrinet
PT-Net [0][0]: Label = t0, Type = Transition (is Input)
		Predecessors: p0[9][2], p1[12][2]
		Successors: p2[0][1], p3[3][0]
PT-Net [0][1]: Label = p2, Type = Place (is Empty)
		Predecessors: t0[0][0]
		Successors: t2[6][1]
PT-Net [0][2]: Label = p7, Type = Place (is Empty)
		Predecessors: t3[9][1], t5[0][3]
		Successors: t6[3][2]
PT-Net [0][3]: Label = t5, Type = Transition (is Input)
		Predecessors: p5[9][0]
		Successors: p7[0][2]
PT-Net [3][0]: Label = p3, Type = Place (is Empty)
		Predecessors: t0[0][0]
		Successors: t3[9][1]
PT-Net [3][1]: Label = t1, Type = Transition (is Input)
		Predecessors: p0[9][2], p1[12][2]
		Successors: p4[6][0], p5[9][0]
PT-Net [3][2]: Label = t6, Type = Transition (is Input)
		Predecessors: p6[12][0], p7[0][2]
		Successors: p0[9][2], p1[12][2]
PT-Net [6][0]: Label = p4, Type = Place (is Empty)
		Predecessors: t1[3][1]
		Successors: t4[12][1]
PT-Net [6][1]: Label = t2, Type = Transition (is Input)
		Predecessors: p2[0][1]
		Successors: p6[12][0]
PT-Net [9][0]: Label = p5, Type = Place (is Empty)
		Predecessors: t1[3][1]
		Successors: t5[0][3]
PT-Net [9][1]: Label = t3, Type = Transition (is Input)
		Predecessors: p3[3][0]
		Successors: p7[0][2]
PT-Net [9][2]: Label = p0, Type = Place (is Marked)
		Predecessors: t6[3][2]
		Successors: t0[0][0], t1[3][1]
PT-Net [12][0]: Label = p6, Type = Place (is Empty)
		Predecessors: t2[6][1], t4[12][1]
		Successors: t6[3][2]
PT-Net [12][1]: Label = t4, Type = Transition (is Input)
		Predecessors: p4[6][0]
		Successors: p6[12][0]
PT-Net [12][2]: Label = p1, Type = Place (is Marked)
		Predecessors: t6[3][2]
		Successors: t0[0][0], t1[3][1]

[1;2;34mINFO-TCL: Successfully displayed Petri-Net.
[0m[MSFSMs Syntehsis Tool v1.00]%> get_SC_Snets
[1;2;34mINFO-TCL: Successfully extracted #3 Strongly Connected S-Nets.
[0m[MSFSMs Syntehsis Tool v1.00]%> list_SC_Snet -all
---  ---  ---  ---  ---  ---  ---  ---  ---  ---  ---  ---  ---  ---  ---  
*** SC S-net #1, Total Nodes = 9, H-collapsed = 'false' ***
SC S-net (1,1): t0[0][0]
		Predecessor Place: p0(1,7)[9,2]
		Successor Place: p2(1,2)[0,1]
SC S-net (1,2): p2[0][1]
SC S-net (1,3): t1[3][1]
		Predecessor Place: p0(1,7)[9,2]
		Successor Place: p4(1,5)[6,0]
SC S-net (1,4): t6[3][2]
		Predecessor Place: p6(1,8)[12,0]
		Successor Place: p0(1,7)[9,2]
SC S-net (1,5): p4[6][0]
SC S-net (1,6): t2[6][1]
		Predecessor Place: p2(1,2)[0,1]
		Successor Place: p6(1,8)[12,0]
SC S-net (1,7): p0[9][2]
SC S-net (1,8): p6[12][0]
SC S-net (1,9): t4[12][1]
		Predecessor Place: p4(1,5)[6,0]
		Successor Place: p6(1,8)[12,0]
---  ---  ---  ---  ---  ---  ---  ---  ---  ---  ---  ---  ---  ---  ---  
*** SC S-net #2, Total Nodes = 9, H-collapsed = 'false' ***
SC S-net (2,1): t0[0][0]
		Predecessor Place: p0(2,9)[9,2]
		Successor Place: p3(2,4)[3,0]
SC S-net (2,2): p7[0][2]
SC S-net (2,3): t5[0][3]
		Predecessor Place: p5(2,7)[9,0]
		Successor Place: p7(2,2)[0,2]
SC S-net (2,4): p3[3][0]
SC S-net (2,5): t1[3][1]
		Predecessor Place: p0(2,9)[9,2]
		Successor Place: p5(2,7)[9,0]
SC S-net (2,6): t6[3][2]
		Predecessor Place: p7(2,2)[0,2]
		Successor Place: p0(2,9)[9,2]
SC S-net (2,7): p5[9][0]
SC S-net (2,8): t3[9][1]
		Predecessor Place: p3(2,4)[3,0]
		Successor Place: p7(2,2)[0,2]
SC S-net (2,9): p0[9][2]
---  ---  ---  ---  ---  ---  ---  ---  ---  ---  ---  ---  ---  ---  ---  
*** SC S-net #3, Total Nodes = 9, H-collapsed = 'false' ***
SC S-net (3,1): t0[0][0]
		Predecessor Place: p1(3,9)[12,2]
		Successor Place: p2(3,2)[0,1]
SC S-net (3,2): p2[0][1]
SC S-net (3,3): t1[3][1]
		Predecessor Place: p1(3,9)[12,2]
		Successor Place: p4(3,5)[6,0]
SC S-net (3,4): t6[3][2]
		Predecessor Place: p6(3,7)[12,0]
		Successor Place: p1(3,9)[12,2]
SC S-net (3,5): p4[6][0]
SC S-net (3,6): t2[6][1]
		Predecessor Place: p2(3,2)[0,1]
		Successor Place: p6(3,7)[12,0]
SC S-net (3,7): p6[12][0]
SC S-net (3,8): t4[12][1]
		Predecessor Place: p4(3,5)[6,0]
		Successor Place: p6(3,7)[12,0]
SC S-net (3,9): p1[12][2]
---  ---  ---  ---  ---  ---  ---  ---  ---  ---  ---  ---  ---  ---  ---  

[1;2;34mINFO-TCL: Successfully displayed all SC S-Nets.
[0m[MSFSMs Syntehsis Tool v1.00]%> create_FSMs -hcollapse
---  ---  ---  ---  ---  ---  ---  ---  ---  ---  ---  ---  ---  ---  ---  
[1;2;34mINFO: Creation of FSM #1 (of #3 total).
[0m---  ---  ---  ---  ---  ---  ---  ---  ---  ---  ---  ---  ---  ---  ---  
[1;2;34mINFO: Creation of FSM #2 (of #3 total).
[0m---  ---  ---  ---  ---  ---  ---  ---  ---  ---  ---  ---  ---  ---  ---  
[1;2;34mINFO: Creation of FSM #3 (of #3 total).
[0m---  ---  ---  ---  ---  ---  ---  ---  ---  ---  ---  ---  ---  ---  ---  

---  ---  ---  ---  ---  ---  ---  ---  ---  ---  ---  ---  ---  ---  ---  
[1;2;34mINFO: *** Collapsed FSM#3 ***, identical to #1
[0mMatching Pairs:
Index 0: Matching pairs (1, 1)
Index 1: Matching pairs (3, 3)
Index 2: Matching pairs (6, 6)
Index 3: Matching pairs (9, 8)
Index 4: Matching pairs (4, 4)
---  ---  ---  ---  ---  ---  ---  ---  ---  ---  ---  ---  ---  ---  ---  

[1;2;34mINFO-TCL: Created FSMs and Horizontally Collapsed redundant FSMs.
[0m[MSFSMs Syntehsis Tool v1.00]%> list_FSM -all
---  ---  ---  ---  ---  ---  ---  ---  ---  ---  ---  ---  ---  ---  ---  
*** FSM 1, Total list Entries = 9, H-Collapsed = 'false' ***
FSM (1,1): Label = t0/, Type = Trans. Function (is Input)
		Successor(s): p2(0,2)
		Predecessor(s): p0(0,7)
FSM (1,2): Label = p2, Type = State (is Initially Inactive)
		Successor(s): t2/(0,6)
		Predecessor(s): t0/(0,1)
FSM (1,3): Label = t1/, Type = Trans. Function (is Input)
		Successor(s): p4(0,5)
		Predecessor(s): p0(0,7)
FSM (1,4): Label = t6/, Type = Trans. Function (is Input)
		Successor(s): p0(0,7)
		Predecessor(s): p6(0,8)
FSM (1,5): Label = p4, Type = State (is Initially Inactive)
		Successor(s): t4/(0,9)
		Predecessor(s): t1/(0,3)
FSM (1,6): Label = t2/, Type = Trans. Function (is Input)
		Successor(s): p6(0,8)
		Predecessor(s): p2(0,2)
FSM (1,7): Label = p0, Type = State (is Initially Active)
		Successor(s): t0/(0,1) t1/(0,3)
		Predecessor(s): t6/(0,4)
FSM (1,8): Label = p6, Type = State (is Initially Inactive)
		Successor(s): t6/(0,4)
		Predecessor(s): t2/(0,6) t4/(0,9)
FSM (1,9): Label = t4/, Type = Trans. Function (is Input)
		Successor(s): p6(0,8)
		Predecessor(s): p4(0,5)
---  ---  ---  ---  ---  ---  ---  ---  ---  ---  ---  ---  ---  ---  ---  
*** FSM 2, Total list Entries = 9, H-Collapsed = 'false' ***
FSM (2,1): Label = t0/, Type = Trans. Function (is Input)
		Successor(s): p3(1,4)
		Predecessor(s): p0(1,9)
FSM (2,2): Label = p7, Type = State (is Initially Inactive)
		Successor(s): t6/(1,6)
		Predecessor(s): t3/(1,8) t5/(1,3)
FSM (2,3): Label = t5/, Type = Trans. Function (is Input)
		Successor(s): p7(1,2)
		Predecessor(s): p5(1,7)
FSM (2,4): Label = p3, Type = State (is Initially Inactive)
		Successor(s): t3/(1,8)
		Predecessor(s): t0/(1,1)
FSM (2,5): Label = t1/, Type = Trans. Function (is Input)
		Successor(s): p5(1,7)
		Predecessor(s): p0(1,9)
FSM (2,6): Label = t6/, Type = Trans. Function (is Input)
		Successor(s): p0(1,9)
		Predecessor(s): p7(1,2)
FSM (2,7): Label = p5, Type = State (is Initially Inactive)
		Successor(s): t5/(1,3)
		Predecessor(s): t1/(1,5)
FSM (2,8): Label = t3/, Type = Trans. Function (is Input)
		Successor(s): p7(1,2)
		Predecessor(s): p3(1,4)
FSM (2,9): Label = p0, Type = State (is Initially Active)
		Successor(s): t0/(1,1) t1/(1,5)
		Predecessor(s): t6/(1,6)
---  ---  ---  ---  ---  ---  ---  ---  ---  ---  ---  ---  ---  ---  ---  
*** FSM 3, Total list Entries = 9, H-Collapsed = 'false' ***
FSM (3,1): Label = t0/, Type = Trans. Function (is Input)
		Successor(s): p2(2,2)
		Predecessor(s): p1(2,9)
FSM (3,2): Label = p2, Type = State (is Initially Inactive)
		Successor(s): t2/(2,6)
		Predecessor(s): t0/(2,1)
FSM (3,3): Label = t1/, Type = Trans. Function (is Input)
		Successor(s): p4(2,5)
		Predecessor(s): p1(2,9)
FSM (3,4): Label = t6/, Type = Trans. Function (is Input)
		Successor(s): p1(2,9)
		Predecessor(s): p6(2,7)
FSM (3,5): Label = p4, Type = State (is Initially Inactive)
		Successor(s): t4/(2,8)
		Predecessor(s): t1/(2,3)
FSM (3,6): Label = t2/, Type = Trans. Function (is Input)
		Successor(s): p6(2,7)
		Predecessor(s): p2(2,2)
FSM (3,7): Label = p6, Type = State (is Initially Inactive)
		Successor(s): t6/(2,4)
		Predecessor(s): t2/(2,6) t4/(2,8)
FSM (3,8): Label = t4/, Type = Trans. Function (is Input)
		Successor(s): p6(2,7)
		Predecessor(s): p4(2,5)
FSM (3,9): Label = p1, Type = State (is Initially Active)
		Successor(s): t0/(2,1) t1/(2,3)
		Predecessor(s): t6/(2,4)
---  ---  ---  ---  ---  ---  ---  ---  ---  ---  ---  ---  ---  ---  ---  
[1;2;34mINFO-TCL: Successfully displayed all FSMs.
[0m[MSFSMs Syntehsis Tool v1.00]%> synchronise_FSMs
[1;2;34mINFO-TCL: Successfully Synchronised FSMs.
[0m[MSFSMs Syntehsis Tool v1.00]%> write_MSFSMs -format afsm_format -dlatchimplementation clk EN data D
[1;2;34mINFO-TCL: FSMs Verilog Code generated for "-format afsm_format".
[0m[MSFSMs Syntehsis Tool v1.00]%> write_MSFSMs -format syncmealy_behav
[1;2;34mINFO-TCL: FSMs Verilog Code generated for "-format syncmealy_behav".
[0m[MSFSMs Syntehsis Tool v1.00]%> write_MSFSMs -format syncmealy_synth
[1;2;34mINFO-TCL: FSMs Verilog Code generated for "-format syncmealy_synth".
[0m[MSFSMs Syntehsis Tool v1.00]%> quit
