---------------------------------------------------------------------------
Benchmark: toggle_AC/toggle.petrinet.AC.workcraft.g
---------------------------------------------------------------------------
[MSFSMs Syntehsis Tool v1.00]%> read_graph /home/dvaliantzas/WORK/MSFSMs/Benchmarks/GitHub_Repo/toggle_AC/toggle.petrinet.AC.workcraft.g
[1;2;34mINFO: Total Nodes       [0m: 16
[1;2;34mINFO: Total Transitions [0m: 6
[1;2;34mINFO: Total Places      [0m: 10
[1;2;34mINFO: Total Edges       [0m: 24
[1;2;34mINFO-TCL: Successfully loaded Petri-Net.
[0m[MSFSMs Syntehsis Tool v1.00]%> list_petrinet
PT-Net [2][0]: Label = Ro1_MINUS, Type = Transition (is Output)
		Predecessors: p2[7][0], p5[10][1]
		Successors: p4[9][0], p9[14][0]
PT-Net [3][0]: Label = Ri_PLUS, Type = Transition (is Input)
		Predecessors: p1[6][0], p7[12][0]
		Successors: p0[5][0], p2[7][0]
PT-Net [3][1]: Label = Ro2_MINUS, Type = Transition (is Output)
		Predecessors: p3[8][0], p6[11][2]
		Successors: p7[12][0], p8[13][0]
PT-Net [5][0]: Label = p0, Type = Place (is Empty)
		Predecessors: Ri_PLUS[3][0]
		Successors: Ri_MINUS[11][0]
PT-Net [6][0]: Label = p1, Type = Place (is Marked)
		Predecessors: Ri_MINUS[11][0]
		Successors: Ri_PLUS[3][0]
PT-Net [7][0]: Label = p2, Type = Place (is Empty)
		Predecessors: Ri_PLUS[3][0]
		Successors: Ro1_MINUS[2][0], Ro1_PLUS[10][0]
PT-Net [8][0]: Label = p3, Type = Place (is Empty)
		Predecessors: Ri_MINUS[11][0]
		Successors: Ro2_MINUS[3][1], Ro2_PLUS[11][1]
PT-Net [9][0]: Label = p4, Type = Place (is Empty)
		Predecessors: Ro1_PLUS[10][0], Ro1_MINUS[2][0]
		Successors: Ri_MINUS[11][0]
PT-Net [10][0]: Label = Ro1_PLUS, Type = Transition (is Output)
		Predecessors: p2[7][0], p9[14][0]
		Successors: p4[9][0], p5[10][1]
PT-Net [10][1]: Label = p5, Type = Place (is Empty)
		Predecessors: Ro1_PLUS[10][0]
		Successors: Ro1_MINUS[2][0]
PT-Net [11][0]: Label = Ri_MINUS, Type = Transition (is Input)
		Predecessors: p0[5][0], p4[9][0]
		Successors: p1[6][0], p3[8][0]
PT-Net [11][1]: Label = Ro2_PLUS, Type = Transition (is Output)
		Predecessors: p3[8][0], p8[13][0]
		Successors: p6[11][2], p7[12][0]
PT-Net [11][2]: Label = p6, Type = Place (is Empty)
		Predecessors: Ro2_PLUS[11][1]
		Successors: Ro2_MINUS[3][1]
PT-Net [12][0]: Label = p7, Type = Place (is Marked)
		Predecessors: Ro2_PLUS[11][1], Ro2_MINUS[3][1]
		Successors: Ri_PLUS[3][0]
PT-Net [13][0]: Label = p8, Type = Place (is Marked)
		Predecessors: Ro2_MINUS[3][1]
		Successors: Ro2_PLUS[11][1]
PT-Net [14][0]: Label = p9, Type = Place (is Marked)
		Predecessors: Ro1_MINUS[2][0]
		Successors: Ro1_PLUS[10][0]

[1;2;34mINFO-TCL: Successfully displayed Petri-Net.
[0m[MSFSMs Syntehsis Tool v1.00]%> get_SC_Snets
[1;2;34mINFO-TCL: Successfully extracted #7 Strongly Connected S-Nets.
[0m[MSFSMs Syntehsis Tool v1.00]%> list_SC_Snet -all
---  ---  ---  ---  ---  ---  ---  ---  ---  ---  ---  ---  ---  ---  ---  
*** SC S-net #1, Total Nodes = 4, H-collapsed = 'false' ***
SC S-net (1,1): Ri_PLUS[3][0]
		Predecessor Place: p1(1,3)[6,0]
		Successor Place: p0(1,2)[5,0]
SC S-net (1,2): p0[5][0]
SC S-net (1,3): p1[6][0]
SC S-net (1,4): Ri_MINUS[11][0]
		Predecessor Place: p0(1,2)[5,0]
		Successor Place: p1(1,3)[6,0]
---  ---  ---  ---  ---  ---  ---  ---  ---  ---  ---  ---  ---  ---  ---  
*** SC S-net #2, Total Nodes = 7, H-collapsed = 'false' ***
SC S-net (2,1): Ro1_MINUS[2][0]
		Predecessor Place: p2(2,4)[7,0]
		Successor Place: p4(2,5)[9,0]
SC S-net (2,2): Ri_PLUS[3][0]
		Predecessor Place: p1(2,3)[6,0]
		Successor Place: p2(2,4)[7,0]
SC S-net (2,3): p1[6][0]
SC S-net (2,4): p2[7][0]
SC S-net (2,5): p4[9][0]
SC S-net (2,6): Ro1_PLUS[10][0]
		Predecessor Place: p2(2,4)[7,0]
		Successor Place: p4(2,5)[9,0]
SC S-net (2,7): Ri_MINUS[11][0]
		Predecessor Place: p4(2,5)[9,0]
		Successor Place: p1(2,3)[6,0]
---  ---  ---  ---  ---  ---  ---  ---  ---  ---  ---  ---  ---  ---  ---  
*** SC S-net #3, Total Nodes = 7, H-collapsed = 'false' ***
SC S-net (3,1): Ri_PLUS[3][0]
		Predecessor Place: p7(3,7)[12,0]
		Successor Place: p0(3,3)[5,0]
SC S-net (3,2): Ro2_MINUS[3][1]
		Predecessor Place: p3(3,4)[8,0]
		Successor Place: p7(3,7)[12,0]
SC S-net (3,3): p0[5][0]
SC S-net (3,4): p3[8][0]
SC S-net (3,5): Ri_MINUS[11][0]
		Predecessor Place: p0(3,3)[5,0]
		Successor Place: p3(3,4)[8,0]
SC S-net (3,6): Ro2_PLUS[11][1]
		Predecessor Place: p3(3,4)[8,0]
		Successor Place: p7(3,7)[12,0]
SC S-net (3,7): p7[12][0]
---  ---  ---  ---  ---  ---  ---  ---  ---  ---  ---  ---  ---  ---  ---  
*** SC S-net #4, Total Nodes = 8, H-collapsed = 'false' ***
SC S-net (4,1): Ro1_MINUS[2][0]
		Predecessor Place: p5(4,7)[10,1]
		Successor Place: p4(4,5)[9,0]
SC S-net (4,2): Ri_PLUS[3][0]
		Predecessor Place: p1(4,3)[6,0]
		Successor Place: p2(4,4)[7,0]
SC S-net (4,3): p1[6][0]
SC S-net (4,4): p2[7][0]
SC S-net (4,5): p4[9][0]
SC S-net (4,6): Ro1_PLUS[10][0]
		Predecessor Place: p2(4,4)[7,0]
		Successor Place: p5(4,7)[10,1]
SC S-net (4,7): p5[10][1]
SC S-net (4,8): Ri_MINUS[11][0]
		Predecessor Place: p4(4,5)[9,0]
		Successor Place: p1(4,3)[6,0]
---  ---  ---  ---  ---  ---  ---  ---  ---  ---  ---  ---  ---  ---  ---  
*** SC S-net #5, Total Nodes = 8, H-collapsed = 'false' ***
SC S-net (5,1): Ri_PLUS[3][0]
		Predecessor Place: p7(5,8)[12,0]
		Successor Place: p0(5,3)[5,0]
SC S-net (5,2): Ro2_MINUS[3][1]
		Predecessor Place: p6(5,7)[11,2]
		Successor Place: p7(5,8)[12,0]
SC S-net (5,3): p0[5][0]
SC S-net (5,4): p3[8][0]
SC S-net (5,5): Ri_MINUS[11][0]
		Predecessor Place: p0(5,3)[5,0]
		Successor Place: p3(5,4)[8,0]
SC S-net (5,6): Ro2_PLUS[11][1]
		Predecessor Place: p3(5,4)[8,0]
		Successor Place: p6(5,7)[11,2]
SC S-net (5,7): p6[11][2]
SC S-net (5,8): p7[12][0]
---  ---  ---  ---  ---  ---  ---  ---  ---  ---  ---  ---  ---  ---  ---  
*** SC S-net #6, Total Nodes = 8, H-collapsed = 'false' ***
SC S-net (6,1): Ri_PLUS[3][0]
		Predecessor Place: p7(6,7)[12,0]
		Successor Place: p0(6,3)[5,0]
SC S-net (6,2): Ro2_MINUS[3][1]
		Predecessor Place: p3(6,4)[8,0]
		Successor Place: p8(6,8)[13,0]
SC S-net (6,3): p0[5][0]
SC S-net (6,4): p3[8][0]
SC S-net (6,5): Ri_MINUS[11][0]
		Predecessor Place: p0(6,3)[5,0]
		Successor Place: p3(6,4)[8,0]
SC S-net (6,6): Ro2_PLUS[11][1]
		Predecessor Place: p8(6,8)[13,0]
		Successor Place: p7(6,7)[12,0]
SC S-net (6,7): p7[12][0]
SC S-net (6,8): p8[13][0]
---  ---  ---  ---  ---  ---  ---  ---  ---  ---  ---  ---  ---  ---  ---  
*** SC S-net #7, Total Nodes = 8, H-collapsed = 'false' ***
SC S-net (7,1): Ro1_MINUS[2][0]
		Predecessor Place: p2(7,4)[7,0]
		Successor Place: p9(7,8)[14,0]
SC S-net (7,2): Ri_PLUS[3][0]
		Predecessor Place: p1(7,3)[6,0]
		Successor Place: p2(7,4)[7,0]
SC S-net (7,3): p1[6][0]
SC S-net (7,4): p2[7][0]
SC S-net (7,5): p4[9][0]
SC S-net (7,6): Ro1_PLUS[10][0]
		Predecessor Place: p9(7,8)[14,0]
		Successor Place: p4(7,5)[9,0]
SC S-net (7,7): Ri_MINUS[11][0]
		Predecessor Place: p4(7,5)[9,0]
		Successor Place: p1(7,3)[6,0]
SC S-net (7,8): p9[14][0]
---  ---  ---  ---  ---  ---  ---  ---  ---  ---  ---  ---  ---  ---  ---  

[1;2;34mINFO-TCL: Successfully displayed all SC S-Nets.
[0m[MSFSMs Syntehsis Tool v1.00]%> create_FSMs -hcollapse
---  ---  ---  ---  ---  ---  ---  ---  ---  ---  ---  ---  ---  ---  ---  
[1;2;34mINFO: Creation of FSM #1 (of #7 total).
[0m---  ---  ---  ---  ---  ---  ---  ---  ---  ---  ---  ---  ---  ---  ---  
[1;2;34mINFO: Creation of FSM #2 (of #7 total).
[0m---  ---  ---  ---  ---  ---  ---  ---  ---  ---  ---  ---  ---  ---  ---  
[1;2;34mINFO: Creation of FSM #3 (of #7 total).
[0m---  ---  ---  ---  ---  ---  ---  ---  ---  ---  ---  ---  ---  ---  ---  
[1;2;34mINFO: Creation of FSM #4 (of #7 total).
[0m[1;2;34mINFO: P "p2"[7, 0] should NOT be a predecessor of T "Ro1_MINUS"[2, 0] in S-Net #4.
[0m[1;2;34mINFO: P "p4"[9, 0] should NOT be a successor of T "Ro1_PLUS"[10, 0] in S-Net #4.
[0m---  ---  ---  ---  ---  ---  ---  ---  ---  ---  ---  ---  ---  ---  ---  
[1;2;34mINFO: Creation of FSM #5 (of #7 total).
[0m[1;2;34mINFO: P "p3"[8, 0] should NOT be a predecessor of T "Ro2_MINUS"[3, 1] in S-Net #5.
[0m[1;2;34mINFO: P "p7"[12, 0] should NOT be a successor of T "Ro2_PLUS"[11, 1] in S-Net #5.
[0m---  ---  ---  ---  ---  ---  ---  ---  ---  ---  ---  ---  ---  ---  ---  
[1;2;34mINFO: Creation of FSM #6 (of #7 total).
[0m[1;2;34mINFO: P "p3"[8, 0] should NOT be a predecessor of T "Ro2_PLUS"[11, 1] in S-Net #6.
[0m[1;2;34mINFO: P "p7"[12, 0] should NOT be a successor of T "Ro2_MINUS"[3, 1] in S-Net #6.
[0m---  ---  ---  ---  ---  ---  ---  ---  ---  ---  ---  ---  ---  ---  ---  
[1;2;34mINFO: Creation of FSM #7 (of #7 total).
[0m[1;2;34mINFO: P "p2"[7, 0] should NOT be a predecessor of T "Ro1_PLUS"[10, 0] in S-Net #7.
[0m[1;2;34mINFO: P "p4"[9, 0] should NOT be a successor of T "Ro1_MINUS"[2, 0] in S-Net #7.
[0m---  ---  ---  ---  ---  ---  ---  ---  ---  ---  ---  ---  ---  ---  ---  

---  ---  ---  ---  ---  ---  ---  ---  ---  ---  ---  ---  ---  ---  ---  
[1;2;34mINFO: *** Collapsed FSM#7 ***, identical to #4
[0mMatching Pairs:
Index 0: Matching pairs (2, 2)
Index 1: Matching pairs (6, 1)
Index 2: Matching pairs (1, 6)
Index 3: Matching pairs (8, 7)
---  ---  ---  ---  ---  ---  ---  ---  ---  ---  ---  ---  ---  ---  ---  
[1;2;34mINFO: *** Collapsed FSM#6 ***, identical to #5
[0mMatching Pairs:
Index 0: Matching pairs (1, 1)
Index 1: Matching pairs (5, 5)
Index 2: Matching pairs (6, 2)
Index 3: Matching pairs (2, 6)
---  ---  ---  ---  ---  ---  ---  ---  ---  ---  ---  ---  ---  ---  ---  

[1;2;34mINFO-TCL: Created FSMs and Horizontally Collapsed redundant FSMs.
[0m[MSFSMs Syntehsis Tool v1.00]%> list_FSM -all
---  ---  ---  ---  ---  ---  ---  ---  ---  ---  ---  ---  ---  ---  ---  
*** FSM 1, Total list Entries = 4, H-Collapsed = 'false' ***
FSM (1,1): Label = Ri_PLUS/, Type = Trans. Function (is Input)
		Successor(s): p0(0,2)
		Predecessor(s): p1(0,3)
FSM (1,2): Label = p0, Type = State (is Initially Inactive)
		Successor(s): Ri_MINUS/(0,4)
		Predecessor(s): Ri_PLUS/(0,1)
FSM (1,3): Label = p1, Type = State (is Initially Active)
		Successor(s): Ri_PLUS/(0,1)
		Predecessor(s): Ri_MINUS/(0,4)
FSM (1,4): Label = Ri_MINUS/, Type = Trans. Function (is Input)
		Successor(s): p1(0,3)
		Predecessor(s): p0(0,2)
---  ---  ---  ---  ---  ---  ---  ---  ---  ---  ---  ---  ---  ---  ---  
*** FSM 2, Total list Entries = 7, H-Collapsed = 'false' ***
FSM (2,1): Label = e/Ro1_MINUS, Type = Trans. Function (is Output)
		Successor(s): p4(1,5)
		Predecessor(s): p2(1,4)
FSM (2,2): Label = Ri_PLUS/, Type = Trans. Function (is Input)
		Successor(s): p2(1,4)
		Predecessor(s): p1(1,3)
FSM (2,3): Label = p1, Type = State (is Initially Active)
		Successor(s): Ri_PLUS/(1,2)
		Predecessor(s): Ri_MINUS/(1,7)
FSM (2,4): Label = p2, Type = State (is Initially Inactive)
		Successor(s): e/Ro1_MINUS(1,1) e/Ro1_PLUS(1,6)
		Predecessor(s): Ri_PLUS/(1,2)
FSM (2,5): Label = p4, Type = State (is Initially Inactive)
		Successor(s): Ri_MINUS/(1,7)
		Predecessor(s): e/Ro1_PLUS(1,6) e/Ro1_MINUS(1,1)
FSM (2,6): Label = e/Ro1_PLUS, Type = Trans. Function (is Output)
		Successor(s): p4(1,5)
		Predecessor(s): p2(1,4)
FSM (2,7): Label = Ri_MINUS/, Type = Trans. Function (is Input)
		Successor(s): p1(1,3)
		Predecessor(s): p4(1,5)
---  ---  ---  ---  ---  ---  ---  ---  ---  ---  ---  ---  ---  ---  ---  
*** FSM 3, Total list Entries = 7, H-Collapsed = 'false' ***
FSM (3,1): Label = Ri_PLUS/, Type = Trans. Function (is Input)
		Successor(s): p0(2,3)
		Predecessor(s): p7(2,7)
FSM (3,2): Label = e/Ro2_MINUS, Type = Trans. Function (is Output)
		Successor(s): p7(2,7)
		Predecessor(s): p3(2,4)
FSM (3,3): Label = p0, Type = State (is Initially Inactive)
		Successor(s): Ri_MINUS/(2,5)
		Predecessor(s): Ri_PLUS/(2,1)
FSM (3,4): Label = p3, Type = State (is Initially Inactive)
		Successor(s): e/Ro2_MINUS(2,2) e/Ro2_PLUS(2,6)
		Predecessor(s): Ri_MINUS/(2,5)
FSM (3,5): Label = Ri_MINUS/, Type = Trans. Function (is Input)
		Successor(s): p3(2,4)
		Predecessor(s): p0(2,3)
FSM (3,6): Label = e/Ro2_PLUS, Type = Trans. Function (is Output)
		Successor(s): p7(2,7)
		Predecessor(s): p3(2,4)
FSM (3,7): Label = p7, Type = State (is Initially Active)
		Successor(s): Ri_PLUS/(2,1)
		Predecessor(s): e/Ro2_PLUS(2,6) e/Ro2_MINUS(2,2)
---  ---  ---  ---  ---  ---  ---  ---  ---  ---  ---  ---  ---  ---  ---  
*** FSM 4, Total list Entries = 8, H-Collapsed = 'false' ***
FSM (4,1): Label = e/Ro1_MINUS, Type = Trans. Function (is Output)
		Successor(s): p4(3,5)
		Predecessor(s): p5(3,7)
FSM (4,2): Label = Ri_PLUS/, Type = Trans. Function (is Input)
		Successor(s): p2(3,4)
		Predecessor(s): p1(3,3)
FSM (4,3): Label = p1, Type = State (is Initially Active)
		Successor(s): Ri_PLUS/(3,2)
		Predecessor(s): Ri_MINUS/(3,8)
FSM (4,4): Label = p2, Type = State (is Initially Inactive)
		Successor(s): e/Ro1_PLUS(3,6)
		Predecessor(s): Ri_PLUS/(3,2)
FSM (4,5): Label = p4, Type = State (is Initially Inactive)
		Successor(s): Ri_MINUS/(3,8)
		Predecessor(s): e/Ro1_MINUS(3,1)
FSM (4,6): Label = e/Ro1_PLUS, Type = Trans. Function (is Output)
		Successor(s): p5(3,7)
		Predecessor(s): p2(3,4)
FSM (4,7): Label = p5, Type = State (is Initially Inactive)
		Successor(s): e/Ro1_MINUS(3,1)
		Predecessor(s): e/Ro1_PLUS(3,6)
FSM (4,8): Label = Ri_MINUS/, Type = Trans. Function (is Input)
		Successor(s): p1(3,3)
		Predecessor(s): p4(3,5)
---  ---  ---  ---  ---  ---  ---  ---  ---  ---  ---  ---  ---  ---  ---  
*** FSM 5, Total list Entries = 8, H-Collapsed = 'false' ***
FSM (5,1): Label = Ri_PLUS/, Type = Trans. Function (is Input)
		Successor(s): p0(4,3)
		Predecessor(s): p7(4,8)
FSM (5,2): Label = e/Ro2_MINUS, Type = Trans. Function (is Output)
		Successor(s): p7(4,8)
		Predecessor(s): p6(4,7)
FSM (5,3): Label = p0, Type = State (is Initially Inactive)
		Successor(s): Ri_MINUS/(4,5)
		Predecessor(s): Ri_PLUS/(4,1)
FSM (5,4): Label = p3, Type = State (is Initially Inactive)
		Successor(s): e/Ro2_PLUS(4,6)
		Predecessor(s): Ri_MINUS/(4,5)
FSM (5,5): Label = Ri_MINUS/, Type = Trans. Function (is Input)
		Successor(s): p3(4,4)
		Predecessor(s): p0(4,3)
FSM (5,6): Label = e/Ro2_PLUS, Type = Trans. Function (is Output)
		Successor(s): p6(4,7)
		Predecessor(s): p3(4,4)
FSM (5,7): Label = p6, Type = State (is Initially Inactive)
		Successor(s): e/Ro2_MINUS(4,2)
		Predecessor(s): e/Ro2_PLUS(4,6)
FSM (5,8): Label = p7, Type = State (is Initially Active)
		Successor(s): Ri_PLUS/(4,1)
		Predecessor(s): e/Ro2_MINUS(4,2)
---  ---  ---  ---  ---  ---  ---  ---  ---  ---  ---  ---  ---  ---  ---  
*** FSM 6, Total list Entries = 8, H-Collapsed = 'false' ***
FSM (6,1): Label = Ri_PLUS/, Type = Trans. Function (is Input)
		Successor(s): p0(5,3)
		Predecessor(s): p7(5,7)
FSM (6,2): Label = e/Ro2_MINUS, Type = Trans. Function (is Output)
		Successor(s): p8(5,8)
		Predecessor(s): p3(5,4)
FSM (6,3): Label = p0, Type = State (is Initially Inactive)
		Successor(s): Ri_MINUS/(5,5)
		Predecessor(s): Ri_PLUS/(5,1)
FSM (6,4): Label = p3, Type = State (is Initially Inactive)
		Successor(s): e/Ro2_MINUS(5,2)
		Predecessor(s): Ri_MINUS/(5,5)
FSM (6,5): Label = Ri_MINUS/, Type = Trans. Function (is Input)
		Successor(s): p3(5,4)
		Predecessor(s): p0(5,3)
FSM (6,6): Label = e/Ro2_PLUS, Type = Trans. Function (is Output)
		Successor(s): p7(5,7)
		Predecessor(s): p8(5,8)
FSM (6,7): Label = p7, Type = State (is Initially Active)
		Successor(s): Ri_PLUS/(5,1)
		Predecessor(s): e/Ro2_PLUS(5,6)
FSM (6,8): Label = p8, Type = State (is Initially Active)
		Successor(s): e/Ro2_PLUS(5,6)
		Predecessor(s): e/Ro2_MINUS(5,2)
---  ---  ---  ---  ---  ---  ---  ---  ---  ---  ---  ---  ---  ---  ---  
*** FSM 7, Total list Entries = 8, H-Collapsed = 'false' ***
FSM (7,1): Label = e/Ro1_MINUS, Type = Trans. Function (is Output)
		Successor(s): p9(6,8)
		Predecessor(s): p2(6,4)
FSM (7,2): Label = Ri_PLUS/, Type = Trans. Function (is Input)
		Successor(s): p2(6,4)
		Predecessor(s): p1(6,3)
FSM (7,3): Label = p1, Type = State (is Initially Active)
		Successor(s): Ri_PLUS/(6,2)
		Predecessor(s): Ri_MINUS/(6,7)
FSM (7,4): Label = p2, Type = State (is Initially Inactive)
		Successor(s): e/Ro1_MINUS(6,1)
		Predecessor(s): Ri_PLUS/(6,2)
FSM (7,5): Label = p4, Type = State (is Initially Inactive)
		Successor(s): Ri_MINUS/(6,7)
		Predecessor(s): e/Ro1_PLUS(6,6)
FSM (7,6): Label = e/Ro1_PLUS, Type = Trans. Function (is Output)
		Successor(s): p4(6,5)
		Predecessor(s): p9(6,8)
FSM (7,7): Label = Ri_MINUS/, Type = Trans. Function (is Input)
		Successor(s): p1(6,3)
		Predecessor(s): p4(6,5)
FSM (7,8): Label = p9, Type = State (is Initially Active)
		Successor(s): e/Ro1_PLUS(6,6)
		Predecessor(s): e/Ro1_MINUS(6,1)
---  ---  ---  ---  ---  ---  ---  ---  ---  ---  ---  ---  ---  ---  ---  
[1;2;34mINFO-TCL: Successfully displayed all FSMs.
[0m[MSFSMs Syntehsis Tool v1.00]%> synchronise_FSMs
[1;2;34mINFO-TCL: Successfully Synchronised FSMs.
[0m[MSFSMs Syntehsis Tool v1.00]%> write_MSFSMs -format afsm_format -dlatchimplementation clk EN data D
WARNING: Multiple initial active states for FSM(6), continuing...
WARNING: Multiple initial active states for FSM(7), continuing...
WARNING: Multiple Active states for FSMs: |#6|#7|
[1;2;34mINFO-TCL: FSMs Verilog Code generated for "-format afsm_format".
[0m[MSFSMs Syntehsis Tool v1.00]%> write_MSFSMs -format syncmealy_behav
WARNING: Multiple initial active states for FSM(6), continuing...
WARNING: Multiple initial active states for FSM(7), continuing...
WARNING: Multiple Active states for FSMs: |#6|#7|
[1;2;34mINFO-TCL: FSMs Verilog Code generated for "-format syncmealy_behav".
[0m[MSFSMs Syntehsis Tool v1.00]%> write_MSFSMs -format syncmealy_synth
WARNING: Multiple initial active states for FSM(6), continuing...
WARNING: Multiple initial active states for FSM(7), continuing...
WARNING: Multiple Active states for FSMs: |#6|#7|
[1;2;34mINFO-TCL: FSMs Verilog Code generated for "-format syncmealy_synth".
[0m[MSFSMs Syntehsis Tool v1.00]%> quit
